[debug] [2024-12-26T08:14:41.492Z] ----------------------------------------------------------------------
[debug] [2024-12-26T08:14:41.494Z] Command:       C:\Program Files\nodejs\node.exe C:\Program Files\nodejs\node_modules\firebase-tools\lib\bin\firebase.js init
[debug] [2024-12-26T08:14:41.494Z] CLI Version:   13.29.1
[debug] [2024-12-26T08:14:41.495Z] Platform:      win32
[debug] [2024-12-26T08:14:41.495Z] Node Version:  v20.15.1
[debug] [2024-12-26T08:14:41.495Z] Time:          Thu Dec 26 2024 15:14:41 GMT+0700 (Indochina Time)
[debug] [2024-12-26T08:14:41.495Z] ----------------------------------------------------------------------
[debug] 
[debug] [2024-12-26T08:14:41.497Z] >>> [apiv2][query] GET https://firebase-public.firebaseio.com/cli.json [none]
[debug] [2024-12-26T08:14:41.540Z] > command requires scopes: ["email","openid","https://www.googleapis.com/auth/cloudplatformprojects.readonly","https://www.googleapis.com/auth/firebase","https://www.googleapis.com/auth/cloud-platform"]
[debug] [2024-12-26T08:14:41.541Z] > authorizing via signed-in user (nakrymut375@gmail.com)
[info] 
     ######## #### ########  ######## ########     ###     ######  ########
     ##        ##  ##     ## ##       ##     ##  ##   ##  ##       ##
     ######    ##  ########  ######   ########  #########  ######  ######
     ##        ##  ##    ##  ##       ##     ## ##     ##       ## ##
     ##       #### ##     ## ######## ########  ##     ##  ######  ########

You're about to initialize a Firebase project in this directory:

  D:\React_js\deploy to firebase node white mydql\login\backend

[debug] [2024-12-26T08:14:42.104Z] <<< [apiv2][status] GET https://firebase-public.firebaseio.com/cli.json 200
[debug] [2024-12-26T08:14:42.104Z] <<< [apiv2][body] GET https://firebase-public.firebaseio.com/cli.json {"cloudBuildErrorAfter":1594252800000,"cloudBuildWarnAfter":1590019200000,"defaultNode10After":1594252800000,"minVersion":"3.0.5","node8DeploysDisabledAfter":1613390400000,"node8RuntimeDisabledAfter":1615809600000,"node8WarnAfter":1600128000000}
[info] 
=== Project Setup
[info] 
[info] First, let's associate this project directory with a Firebase project.
[info] You can create multiple project aliases by running firebase use --add, 
[info] but for now we'll just set up a default project.
[info] 
[debug] [2024-12-26T08:14:53.022Z] Checked if tokens are valid: false, expires at: 1735103914195
[debug] [2024-12-26T08:14:53.022Z] Checked if tokens are valid: false, expires at: 1735103914195
[debug] [2024-12-26T08:14:53.022Z] > refreshing access token with scopes: []
[debug] [2024-12-26T08:14:53.023Z] >>> [apiv2][query] POST https://www.googleapis.com/oauth2/v3/token [none]
[debug] [2024-12-26T08:14:53.023Z] >>> [apiv2][body] POST https://www.googleapis.com/oauth2/v3/token [omitted]
[debug] [2024-12-26T08:14:53.220Z] <<< [apiv2][status] POST https://www.googleapis.com/oauth2/v3/token 200
[debug] [2024-12-26T08:14:53.220Z] <<< [apiv2][body] POST https://www.googleapis.com/oauth2/v3/token [omitted]
[debug] [2024-12-26T08:14:53.252Z] >>> [apiv2][query] GET https://firebase.googleapis.com/v1beta1/projects pageSize=100
[debug] [2024-12-26T08:14:53.843Z] <<< [apiv2][status] GET https://firebase.googleapis.com/v1beta1/projects 200
[debug] [2024-12-26T08:14:53.843Z] <<< [apiv2][body] GET https://firebase.googleapis.com/v1beta1/projects [omitted]
